0 info it worked if it ends with ok
1 verbose cli [ 'C:\\Program Files\\nodejs\\\\node.exe',
1 verbose cli   'C:\\Program Files\\nodejs\\node_modules\\npm\\bin\\npm-cli.js',
1 verbose cli   'install',
1 verbose cli   'sails' ]
2 info using npm@2.5.1
3 info using node@v0.12.0
4 verbose node symlink C:\Program Files\nodejs\\node.exe
5 silly cache add args [ 'sails', null ]
6 verbose cache add spec sails
7 silly cache add parsed spec { raw: 'sails',
7 silly cache add   scope: null,
7 silly cache add   name: 'sails',
7 silly cache add   rawSpec: '',
7 silly cache add   spec: '*',
7 silly cache add   type: 'range' }
8 verbose addNamed sails@*
9 silly addNamed semver.valid null
10 silly addNamed semver.validRange *
11 silly addNameRange { name: 'sails', range: '*', hasData: false }
12 silly mapToRegistry name sails
13 silly mapToRegistry using default registry
14 silly mapToRegistry registry https://registry.npmjs.org/
15 silly mapToRegistry uri https://registry.npmjs.org/sails
16 verbose addNameRange registry:https://registry.npmjs.org/sails not in flight; fetching
17 verbose request uri https://registry.npmjs.org/sails
18 verbose request no auth needed
19 info attempt registry request try #1 at 21:54:29
20 verbose request id d20d07c3caaff327
21 verbose etag "6CXHX8MYVGRIYU7YKWMLASPEF"
22 http request GET https://registry.npmjs.org/sails
23 http 304 https://registry.npmjs.org/sails
24 silly get cb [ 304,
24 silly get   { date: 'Thu, 30 Apr 2015 00:54:32 GMT',
24 silly get     via: '1.1 varnish',
24 silly get     'last-modified': 'Thu, 30 Apr 2015 00:54:32 GMT',
24 silly get     'cache-control': 'max-age=60',
24 silly get     etag: '"6CXHX8MYVGRIYU7YKWMLASPEF"',
24 silly get     age: '0',
24 silly get     connection: 'keep-alive',
24 silly get     'x-served-by': 'cache-atl6220-ATL',
24 silly get     'x-cache': 'HIT',
24 silly get     'x-cache-hits': '1',
24 silly get     'x-timer': 'S1430355272.899324,VS0,VE28',
24 silly get     vary: 'Accept' } ]
25 verbose etag https://registry.npmjs.org/sails from cache
26 verbose get saving sails to C:\Users\raul927\AppData\Roaming\npm-cache\registry.npmjs.org\sails\.cache.json
27 silly addNameRange number 2 { name: 'sails', range: '*', hasData: true }
28 silly addNameRange versions [ 'sails',
28 silly addNameRange   [ '0.0.0',
28 silly addNameRange     '0.0.0-2',
28 silly addNameRange     '0.7.0',
28 silly addNameRange     '0.7.0-2',
28 silly addNameRange     '0.7.0-3',
28 silly addNameRange     '0.7.0-4',
28 silly addNameRange     '0.7.0-5',
28 silly addNameRange     '0.0.0-1',
28 silly addNameRange     '0.7.0-6',
28 silly addNameRange     '0.7.0-7',
28 silly addNameRange     '0.7.0-8',
28 silly addNameRange     '0.7.1',
28 silly addNameRange     '0.7.2',
28 silly addNameRange     '0.7.3',
28 silly addNameRange     '0.7.4',
28 silly addNameRange     '0.7.4-1',
28 silly addNameRange     '0.7.5-0',
28 silly addNameRange     '0.7.6-0',
28 silly addNameRange     '0.7.7',
28 silly addNameRange     '0.7.8',
28 silly addNameRange     '0.7.9',
28 silly addNameRange     '0.8.0',
28 silly addNameRange     '0.8.1',
28 silly addNameRange     '0.8.2',
28 silly addNameRange     '0.8.3',
28 silly addNameRange     '0.8.4',
28 silly addNameRange     '0.8.5',
28 silly addNameRange     '0.8.6',
28 silly addNameRange     '0.8.7',
28 silly addNameRange     '0.8.71',
28 silly addNameRange     '0.8.72',
28 silly addNameRange     '0.8.73',
28 silly addNameRange     '0.8.74',
28 silly addNameRange     '0.8.75',
28 silly addNameRange     '0.8.76',
28 silly addNameRange     '0.8.77',
28 silly addNameRange     '0.8.78',
28 silly addNameRange     '0.8.79',
28 silly addNameRange     '0.8.80',
28 silly addNameRange     '0.8.81',
28 silly addNameRange     '0.8.82',
28 silly addNameRange     '0.8.83',
28 silly addNameRange     '0.8.84',
28 silly addNameRange     '0.8.85',
28 silly addNameRange     '0.8.86',
28 silly addNameRange     '0.8.87',
28 silly addNameRange     '0.8.88',
28 silly addNameRange     '0.8.89',
28 silly addNameRange     '0.8.89-1',
28 silly addNameRange     '0.8.892',
28 silly addNameRange     '0.8.894',
28 silly addNameRange     '0.8.895',
28 silly addNameRange     '0.8.9',
28 silly addNameRange     '0.8.91',
28 silly addNameRange     '0.8.92',
28 silly addNameRange     '0.8.93',
28 silly addNameRange     '0.8.94',
28 silly addNameRange     '0.9.0',
28 silly addNameRange     '0.9.1',
28 silly addNameRange     '0.9.2',
28 silly addNameRange     '0.9.3',
28 silly addNameRange     '0.9.4',
28 silly addNameRange     '0.9.5',
28 silly addNameRange     '0.9.7',
28 silly addNameRange     '0.9.8',
28 silly addNameRange     '0.9.9',
28 silly addNameRange     '0.10.0-rc1',
28 silly addNameRange     '0.10.0-rc2',
28 silly addNameRange     '0.10.0-rc3',
28 silly addNameRange     '0.9.11',
28 silly addNameRange     '0.10.0-rc4',
28 silly addNameRange     '0.9.12',
28 silly addNameRange     '0.9.13',
28 silly addNameRange     '0.9.15',
28 silly addNameRange     '0.9.16',
28 silly addNameRange     '0.10.0-rc5',
28 silly addNameRange     '0.10.0-rc6',
28 silly addNameRange     '0.10.0-rc7',
28 silly addNameRange     '0.10.0-rc8',
28 silly addNameRange     '0.9.17',
28 silly addNameRange     '0.10.0-rc9',
28 silly addNameRange     '0.10.0-max',
28 silly addNameRange     '0.10.0-rc10',
28 silly addNameRange     '0.10.0-rc11',
28 silly addNameRange     '0.10.1',
28 silly addNameRange     '0.10.2',
28 silly addNameRange     '0.10.3',
28 silly addNameRange     '0.10.4',
28 silly addNameRange     '0.10.5',
28 silly addNameRange     '0.11.0-rc2',
28 silly addNameRange     '0.11.0-rc3',
28 silly addNameRange     '0.11.0-rc4',
28 silly addNameRange     '0.11.0-rc5',
28 silly addNameRange     '0.11.0-rc6',
28 silly addNameRange     '0.11.0-rc7',
28 silly addNameRange     '0.11.0-rc8',
28 silly addNameRange     '0.11.0-rc9',
28 silly addNameRange     '0.11.0-rc10',
28 silly addNameRange     '0.11.0',
28 silly addNameRange     '0.11.1',
28 silly addNameRange     '0.11.1-rc1' ] ]
29 verbose addNamed sails@0.11.0
30 silly addNamed semver.valid 0.11.0
31 silly addNamed semver.validRange 0.11.0
32 silly cache afterAdd sails@0.11.0
33 verbose afterAdd C:\Users\raul927\AppData\Roaming\npm-cache\sails\0.11.0\package\package.json not in flight; writing
34 verbose afterAdd C:\Users\raul927\AppData\Roaming\npm-cache\sails\0.11.0\package\package.json written
35 silly install resolved [ { name: 'sails',
35 silly install resolved     author: { name: 'Mike McNeil', email: '@mikermcneil' },
35 silly install resolved     version: '0.11.0',
35 silly install resolved     description: 'API-driven framework for building realtime apps, using MVC conventions (based on Express and Socket.io)',
35 silly install resolved     homepage: 'http://sailsjs.org',
35 silly install resolved     keywords:
35 silly install resolved      [ 'mvc',
35 silly install resolved        'web-framework',
35 silly install resolved        'express',
35 silly install resolved        'sails',
35 silly install resolved        'sailsjs',
35 silly install resolved        'sails.js',
35 silly install resolved        'REST',
35 silly install resolved        'API',
35 silly install resolved        'orm',
35 silly install resolved        'socket.io' ],
35 silly install resolved     main: './lib/index.js',
35 silly install resolved     bin: { sails: './bin/sails.js' },
35 silly install resolved     scripts:
35 silly install resolved      { test: 'mocha -b',
35 silly install resolved        prepublish: 'npm prune',
35 silly install resolved        preinstall: 'node ./lib/preinstall_npmcheck.js' },
35 silly install resolved     directories: { lib: 'lib' },
35 silly install resolved     dependencies:
35 silly install resolved      { anchor: '~0.10.0',
35 silly install resolved        async: '~0.9.0',
35 silly install resolved        'captains-log': '~0.11.8',
35 silly install resolved        colors: '~0.6.2',
35 silly install resolved        commander: '~2.1.0',
35 silly install resolved        'connect-flash': '~0.1.1',
35 silly install resolved        cookie: '0.1.2',
35 silly install resolved        'cookie-signature': '1.0.4',
35 silly install resolved        ejs: '~0.8.4',
35 silly install resolved        'ejs-locals': '~1.0.2',
35 silly install resolved        express: '3.16.0',
35 silly install resolved        'express-handlebars': '~1.0.1',
35 silly install resolved        'fs-extra': '~0.8.1',
35 silly install resolved        glob: '~3.2.9',
35 silly install resolved        grunt: '0.4.2',
35 silly install resolved        'grunt-cli': '~0.1.11',
35 silly install resolved        'grunt-contrib-clean': '~0.5.0',
35 silly install resolved        'grunt-contrib-coffee': '~0.10.1',
35 silly install resolved        'grunt-contrib-concat': '~0.3.0',
35 silly install resolved        'grunt-contrib-copy': '~0.5.0',
35 silly install resolved        'grunt-contrib-cssmin': '~0.9.0',
35 silly install resolved        'grunt-contrib-jst': '~0.6.0',
35 silly install resolved        'grunt-contrib-less': '0.11.1',
35 silly install resolved        'grunt-contrib-uglify': '~0.4.0',
35 silly install resolved        'grunt-contrib-watch': '~0.5.3',
35 silly install resolved        'grunt-sails-linker': '~0.9.5',
35 silly install resolved        'grunt-sync': '~0.0.4',
35 silly install resolved        i18n: '~0.5.0',
35 silly install resolved        'include-all': '~0.1.3',
35 silly install resolved        lodash: '~2.4.1',
35 silly install resolved        'merge-defaults': '~0.1.0',
35 silly install resolved        'method-override': '~2.3.0',
35 silly install resolved        'mock-req': '0.1.0',
35 silly install resolved        'mock-res': '0.1.0',
35 silly install resolved        'node-uuid': '~1.4.0',
35 silly install resolved        pluralize: '~0.0.5',
35 silly install resolved        prompt: '~0.2.13',
35 silly install resolved        rc: '~0.5.0',
35 silly install resolved        reportback: '~0.1.4',
35 silly install resolved        'sails-build-dictionary': '~0.10.1',
35 silly install resolved        'sails-disk': '~0.10.0',
35 silly install resolved        'sails-generate': '~0.12.0',
35 silly install resolved        'sails-hook-sockets': '^0.11.13',
35 silly install resolved        'sails-stringfile': '~0.3.0',
35 silly install resolved        'sails-util': '~0.10.3',
35 silly install resolved        semver: '~2.2.1',
35 silly install resolved        skipper: '~0.5.5',
35 silly install resolved        'uid-safe': '^1.0.1',
35 silly install resolved        waterline: '~0.10.17' },
35 silly install resolved     devDependencies:
35 silly install resolved      { 'root-require': '~0.2.0',
35 silly install resolved        checksum: '~0.1.1',
35 silly install resolved        request: '*',
35 silly install resolved        istanbul: '*',
35 silly install resolved        wrench: '~1.5.1',
35 silly install resolved        benchmark: '~1.0.0',
35 silly install resolved        microtime: '~0.6.0',
35 silly install resolved        colors: '~0.6.2',
35 silly install resolved        'expect.js': '~0.2.0',
35 silly install resolved        should: '~2.1.1',
35 silly install resolved        supertest: '~0.8.2',
35 silly install resolved        mocha: '~1.17.1',
35 silly install resolved        portfinder: '~0.2.1',
35 silly install resolved        'coffee-script': '~1.7.1',
35 silly install resolved        'socket.io-client': '^1.2.1' },
35 silly install resolved     repository: { type: 'git', url: 'git://github.com/balderdashy/sails.git' },
35 silly install resolved     licenses: [ [Object] ],
35 silly install resolved     bugs: { url: 'http://github.com/balderdashy/sails/issues' },
35 silly install resolved     engines: { node: '>= 0.10.0', npm: '>= 1.4.0' },
35 silly install resolved     _id: 'sails@0.11.0',
35 silly install resolved     dist:
35 silly install resolved      { shasum: '3c106b2a66f55c72ad31edaa1b83fdad78e4938c',
35 silly install resolved        tarball: 'http://registry.npmjs.org/sails/-/sails-0.11.0.tgz' },
35 silly install resolved     _from: 'sails@*',
35 silly install resolved     _npmVersion: '1.4.3',
35 silly install resolved     _npmUser: { name: 'mikermcneil', email: 'michael.r.mcneil@gmail.com' },
35 silly install resolved     maintainers: [ [Object], [Object], [Object], [Object] ],
35 silly install resolved     _shasum: '3c106b2a66f55c72ad31edaa1b83fdad78e4938c',
35 silly install resolved     _resolved: 'https://registry.npmjs.org/sails/-/sails-0.11.0.tgz',
35 silly install resolved     readme: 'ERROR: No README data found!' } ]
36 info install sails@0.11.0 into G:\Repositorios\NodeSlowDeep\NodeSlowDeep
37 info installOne sails@0.11.0
38 verbose installOne of sails to G:\Repositorios\NodeSlowDeep\NodeSlowDeep not in flight; installing
39 verbose lock using C:\Users\raul927\AppData\Roaming\npm-cache\_locks\sails-2ab92863a68ab34d.lock for G:\Repositorios\NodeSlowDeep\NodeSlowDeep\node_modules\sails
40 silly install write writing sails 0.11.0 to G:\Repositorios\NodeSlowDeep\NodeSlowDeep\node_modules\sails
41 silly cache addNamed cb sails@0.11.0
42 verbose unbuild node_modules\sails
43 verbose gentlyRm vacuuming G:\Repositorios\NodeSlowDeep\NodeSlowDeep\node_modules\sails
44 verbose tar unpack C:\Users\raul927\AppData\Roaming\npm-cache\sails\0.11.0\package.tgz
45 verbose tar unpacking to G:\Repositorios\NodeSlowDeep\NodeSlowDeep\node_modules\sails
46 verbose gentlyRm vacuuming G:\Repositorios\NodeSlowDeep\NodeSlowDeep\node_modules\sails
47 silly gunzTarPerm modes [ '777', '666' ]
48 silly gunzTarPerm extractEntry package.json
49 silly gunzTarPerm modified mode [ 'package.json', 420, 438 ]
50 silly gunzTarPerm extractEntry .npmignore
51 silly gunzTarPerm modified mode [ '.npmignore', 420, 438 ]
52 silly gunzTarPerm extractEntry README.md
53 silly gunzTarPerm modified mode [ 'README.md', 420, 438 ]
54 silly gunzTarPerm extractEntry .npmrc
55 silly gunzTarPerm modified mode [ '.npmrc', 420, 438 ]
56 silly gunzTarPerm extractEntry .travis.yml
57 silly gunzTarPerm modified mode [ '.travis.yml', 420, 438 ]
58 silly gunzTarPerm extractEntry bin/_commander.js
59 silly gunzTarPerm modified mode [ 'bin/_commander.js', 420, 438 ]
60 silly gunzTarPerm extractEntry bin/sails-configure.js
61 silly gunzTarPerm modified mode [ 'bin/sails-configure.js', 420, 438 ]
62 silly gunzTarPerm extractEntry bin/sails-console.js
63 silly gunzTarPerm modified mode [ 'bin/sails-console.js', 420, 438 ]
64 silly gunzTarPerm extractEntry bin/sails-debug.js
65 silly gunzTarPerm modified mode [ 'bin/sails-debug.js', 420, 438 ]
66 silly gunzTarPerm extractEntry bin/sails-generate.js
67 silly gunzTarPerm modified mode [ 'bin/sails-generate.js', 420, 438 ]
68 silly gunzTarPerm extractEntry bin/sails-lift.js
69 silly gunzTarPerm modified mode [ 'bin/sails-lift.js', 420, 438 ]
70 silly gunzTarPerm extractEntry bin/sails-new.js
71 silly gunzTarPerm modified mode [ 'bin/sails-new.js', 420, 438 ]
72 silly gunzTarPerm extractEntry bin/sails-www.js
73 silly gunzTarPerm modified mode [ 'bin/sails-www.js', 420, 438 ]
74 silly gunzTarPerm extractEntry bin/sails.js
75 silly gunzTarPerm modified mode [ 'bin/sails.js', 493, 511 ]
76 silly gunzTarPerm extractEntry errors/README.md
77 silly gunzTarPerm modified mode [ 'errors/README.md', 420, 438 ]
78 silly gunzTarPerm extractEntry errors/fatal.js
79 silly gunzTarPerm modified mode [ 'errors/fatal.js', 420, 438 ]
80 silly gunzTarPerm extractEntry errors/index.js
81 silly gunzTarPerm modified mode [ 'errors/index.js', 420, 438 ]
82 silly gunzTarPerm extractEntry errors/warn.js
83 silly gunzTarPerm modified mode [ 'errors/warn.js', 420, 438 ]
84 silly gunzTarPerm extractEntry lib/README.md
85 silly gunzTarPerm modified mode [ 'lib/README.md', 420, 438 ]
86 silly gunzTarPerm extractEntry lib/index.js
87 silly gunzTarPerm modified mode [ 'lib/index.js', 420, 438 ]
88 silly gunzTarPerm extractEntry lib/preinstall_npmcheck.js
89 silly gunzTarPerm modified mode [ 'lib/preinstall_npmcheck.js', 420, 438 ]
90 silly gunzTarPerm extractEntry lib/app/README.md
91 silly gunzTarPerm modified mode [ 'lib/app/README.md', 420, 438 ]
92 silly gunzTarPerm extractEntry lib/app/Sails.js
93 silly gunzTarPerm modified mode [ 'lib/app/Sails.js', 420, 438 ]
94 silly gunzTarPerm extractEntry lib/app/getBaseurl.js
95 silly gunzTarPerm modified mode [ 'lib/app/getBaseurl.js', 420, 438 ]
96 silly gunzTarPerm extractEntry lib/app/index.js
97 silly gunzTarPerm modified mode [ 'lib/app/index.js', 420, 438 ]
98 silly gunzTarPerm extractEntry lib/app/lift.js
99 silly gunzTarPerm modified mode [ 'lib/app/lift.js', 420, 438 ]
100 silly gunzTarPerm extractEntry lib/app/load.js
101 silly gunzTarPerm modified mode [ 'lib/app/load.js', 420, 438 ]
102 silly gunzTarPerm extractEntry lib/app/lower.js
103 silly gunzTarPerm modified mode [ 'lib/app/lower.js', 420, 438 ]
104 silly gunzTarPerm extractEntry lib/app/request.js
105 silly gunzTarPerm modified mode [ 'lib/app/request.js', 420, 438 ]
106 silly gunzTarPerm extractEntry lib/app/configuration/default-hooks.js
107 silly gunzTarPerm modified mode [ 'lib/app/configuration/default-hooks.js', 420, 438 ]
108 silly gunzTarPerm extractEntry lib/app/configuration/index.js
109 silly gunzTarPerm modified mode [ 'lib/app/configuration/index.js', 420, 438 ]
110 silly gunzTarPerm extractEntry lib/app/configuration/load.js
111 silly gunzTarPerm modified mode [ 'lib/app/configuration/load.js', 420, 438 ]
112 silly gunzTarPerm extractEntry lib/app/configuration/rc.js
113 silly gunzTarPerm modified mode [ 'lib/app/configuration/rc.js', 420, 438 ]
114 silly gunzTarPerm extractEntry lib/app/private/after.js
115 silly gunzTarPerm modified mode [ 'lib/app/private/after.js', 420, 438 ]
116 silly gunzTarPerm extractEntry lib/app/private/exposeGlobals.js
117 silly gunzTarPerm modified mode [ 'lib/app/private/exposeGlobals.js', 420, 438 ]
118 silly gunzTarPerm extractEntry lib/app/private/getHost.js
119 silly gunzTarPerm modified mode [ 'lib/app/private/getHost.js', 420, 438 ]
120 silly gunzTarPerm extractEntry lib/app/private/initialize.js
121 silly gunzTarPerm modified mode [ 'lib/app/private/initialize.js', 420, 438 ]
122 silly gunzTarPerm extractEntry lib/app/private/bootstrap.js
123 silly gunzTarPerm modified mode [ 'lib/app/private/bootstrap.js', 420, 438 ]
124 silly gunzTarPerm extractEntry lib/app/private/isLocalSailsValid.js
125 silly gunzTarPerm modified mode [ 'lib/app/private/isLocalSailsValid.js', 420, 438 ]
126 silly gunzTarPerm extractEntry lib/app/private/isSailsAppSync.js
127 silly gunzTarPerm modified mode [ 'lib/app/private/isSailsAppSync.js', 420, 438 ]
128 silly gunzTarPerm extractEntry lib/app/private/loadHooks.js
129 silly gunzTarPerm modified mode [ 'lib/app/private/loadHooks.js', 420, 438 ]
130 silly gunzTarPerm extractEntry lib/app/private/toJSON.js
131 silly gunzTarPerm modified mode [ 'lib/app/private/toJSON.js', 420, 438 ]
132 silly gunzTarPerm extractEntry lib/app/private/toString.js
133 silly gunzTarPerm modified mode [ 'lib/app/private/toString.js', 420, 438 ]
134 silly gunzTarPerm extractEntry lib/app/private/inspect.js
135 silly gunzTarPerm modified mode [ 'lib/app/private/inspect.js', 420, 438 ]
136 silly gunzTarPerm extractEntry lib/hooks/README.md
137 silly gunzTarPerm modified mode [ 'lib/hooks/README.md', 420, 438 ]
138 silly gunzTarPerm extractEntry lib/hooks/index.js
139 silly gunzTarPerm modified mode [ 'lib/hooks/index.js', 420, 438 ]
140 silly gunzTarPerm extractEntry lib/hooks/controllers/README.md
141 silly gunzTarPerm modified mode [ 'lib/hooks/controllers/README.md', 420, 438 ]
142 silly gunzTarPerm extractEntry lib/hooks/controllers/index.js
143 silly gunzTarPerm modified mode [ 'lib/hooks/controllers/index.js', 420, 438 ]
144 silly gunzTarPerm extractEntry lib/hooks/controllers/onRoute.js
145 silly gunzTarPerm modified mode [ 'lib/hooks/controllers/onRoute.js', 420, 438 ]
146 silly gunzTarPerm extractEntry lib/hooks/cors/index.js
147 silly gunzTarPerm modified mode [ 'lib/hooks/cors/index.js', 420, 438 ]
148 silly gunzTarPerm extractEntry lib/hooks/csrf/index.js
149 silly gunzTarPerm modified mode [ 'lib/hooks/csrf/index.js', 420, 438 ]
150 silly gunzTarPerm extractEntry lib/hooks/grunt/grunt-wrapper.js
151 silly gunzTarPerm modified mode [ 'lib/hooks/grunt/grunt-wrapper.js', 493, 511 ]
152 silly gunzTarPerm extractEntry lib/hooks/grunt/index.js
153 silly gunzTarPerm modified mode [ 'lib/hooks/grunt/index.js', 420, 438 ]
154 silly gunzTarPerm extractEntry lib/hooks/http/index.js
155 silly gunzTarPerm modified mode [ 'lib/hooks/http/index.js', 420, 438 ]
156 silly gunzTarPerm extractEntry lib/hooks/http/initialize.js
157 silly gunzTarPerm modified mode [ 'lib/hooks/http/initialize.js', 420, 438 ]
158 silly gunzTarPerm extractEntry lib/hooks/http/start.js
159 silly gunzTarPerm modified mode [ 'lib/hooks/http/start.js', 420, 438 ]
160 silly gunzTarPerm extractEntry lib/hooks/http/view.js
161 silly gunzTarPerm modified mode [ 'lib/hooks/http/view.js', 420, 438 ]
162 silly gunzTarPerm extractEntry lib/hooks/http/middleware/defaults.js
163 silly gunzTarPerm modified mode [ 'lib/hooks/http/middleware/defaults.js', 420, 438 ]
164 silly gunzTarPerm extractEntry lib/hooks/http/middleware/load.js
165 silly gunzTarPerm modified mode [ 'lib/hooks/http/middleware/load.js', 420, 438 ]
166 silly gunzTarPerm extractEntry lib/hooks/i18n/index.js
167 silly gunzTarPerm modified mode [ 'lib/hooks/i18n/index.js', 420, 438 ]
168 silly gunzTarPerm extractEntry lib/hooks/views/actions.js
169 silly gunzTarPerm modified mode [ 'lib/hooks/views/actions.js', 420, 438 ]
170 silly gunzTarPerm extractEntry lib/hooks/views/configure.js
171 silly gunzTarPerm modified mode [ 'lib/hooks/views/configure.js', 420, 438 ]
172 silly gunzTarPerm extractEntry lib/hooks/views/consolidate.js
173 silly gunzTarPerm modified mode [ 'lib/hooks/views/consolidate.js', 420, 438 ]
174 silly gunzTarPerm extractEntry lib/hooks/views/defaults.js
175 silly gunzTarPerm modified mode [ 'lib/hooks/views/defaults.js', 420, 438 ]
176 silly gunzTarPerm extractEntry lib/hooks/views/index.js
177 silly gunzTarPerm modified mode [ 'lib/hooks/views/index.js', 420, 438 ]
178 silly gunzTarPerm extractEntry lib/hooks/views/layoutshim.js
179 silly gunzTarPerm modified mode [ 'lib/hooks/views/layoutshim.js', 420, 438 ]
180 silly gunzTarPerm extractEntry lib/hooks/views/onRoute.js
181 silly gunzTarPerm modified mode [ 'lib/hooks/views/onRoute.js', 420, 438 ]
182 silly gunzTarPerm extractEntry lib/hooks/views/render.js
183 silly gunzTarPerm modified mode [ 'lib/hooks/views/render.js', 420, 438 ]
184 silly gunzTarPerm extractEntry lib/hooks/views/res.view.js
185 silly gunzTarPerm modified mode [ 'lib/hooks/views/res.view.js', 420, 438 ]
186 silly gunzTarPerm extractEntry lib/hooks/logger/index.js
187 silly gunzTarPerm modified mode [ 'lib/hooks/logger/index.js', 420, 438 ]
188 silly gunzTarPerm extractEntry lib/hooks/logger/ship.js
189 silly gunzTarPerm modified mode [ 'lib/hooks/logger/ship.js', 420, 438 ]
190 silly gunzTarPerm extractEntry lib/hooks/blueprints/README.md
191 silly gunzTarPerm modified mode [ 'lib/hooks/blueprints/README.md', 420, 438 ]
192 silly gunzTarPerm extractEntry lib/hooks/blueprints/actionUtil.js
193 silly gunzTarPerm modified mode [ 'lib/hooks/blueprints/actionUtil.js', 420, 438 ]
194 silly gunzTarPerm extractEntry lib/hooks/blueprints/coercePK.js
195 silly gunzTarPerm modified mode [ 'lib/hooks/blueprints/coercePK.js', 420, 438 ]
196 silly gunzTarPerm extractEntry lib/hooks/blueprints/index.js
197 silly gunzTarPerm modified mode [ 'lib/hooks/blueprints/index.js', 420, 438 ]
198 silly gunzTarPerm extractEntry lib/hooks/blueprints/jsonp.js
199 silly gunzTarPerm modified mode [ 'lib/hooks/blueprints/jsonp.js', 420, 438 ]
200 silly gunzTarPerm extractEntry lib/hooks/blueprints/onRoute.js
201 silly gunzTarPerm modified mode [ 'lib/hooks/blueprints/onRoute.js', 420, 438 ]
202 silly gunzTarPerm extractEntry lib/hooks/blueprints/actions/add.js
203 silly gunzTarPerm modified mode [ 'lib/hooks/blueprints/actions/add.js', 420, 438 ]
204 silly gunzTarPerm extractEntry lib/hooks/blueprints/actions/create.js
205 silly gunzTarPerm modified mode [ 'lib/hooks/blueprints/actions/create.js', 420, 438 ]
206 silly gunzTarPerm extractEntry lib/hooks/blueprints/actions/destroy.js
207 silly gunzTarPerm modified mode [ 'lib/hooks/blueprints/actions/destroy.js', 420, 438 ]
208 silly gunzTarPerm extractEntry lib/hooks/blueprints/actions/find.js
209 silly gunzTarPerm modified mode [ 'lib/hooks/blueprints/actions/find.js', 420, 438 ]
210 silly gunzTarPerm extractEntry lib/hooks/blueprints/actions/findOne.js
211 silly gunzTarPerm modified mode [ 'lib/hooks/blueprints/actions/findOne.js', 420, 438 ]
212 silly gunzTarPerm extractEntry lib/hooks/blueprints/actions/populate.js
213 silly gunzTarPerm modified mode [ 'lib/hooks/blueprints/actions/populate.js', 420, 438 ]
214 silly gunzTarPerm extractEntry lib/hooks/blueprints/actions/remove.js
215 silly gunzTarPerm modified mode [ 'lib/hooks/blueprints/actions/remove.js', 420, 438 ]
216 silly gunzTarPerm extractEntry lib/hooks/blueprints/actions/update.js
217 silly gunzTarPerm modified mode [ 'lib/hooks/blueprints/actions/update.js', 420, 438 ]
218 silly gunzTarPerm extractEntry lib/hooks/orm/build-orm.js
219 silly gunzTarPerm modified mode [ 'lib/hooks/orm/build-orm.js', 420, 438 ]
220 silly gunzTarPerm extractEntry lib/hooks/orm/index.js
221 silly gunzTarPerm modified mode [ 'lib/hooks/orm/index.js', 420, 438 ]
222 silly gunzTarPerm extractEntry lib/hooks/orm/load-user-modules.js
223 silly gunzTarPerm modified mode [ 'lib/hooks/orm/load-user-modules.js', 420, 438 ]
224 silly gunzTarPerm extractEntry lib/hooks/orm/lookup-datastore.js
225 silly gunzTarPerm modified mode [ 'lib/hooks/orm/lookup-datastore.js', 420, 438 ]
226 silly gunzTarPerm extractEntry lib/hooks/orm/normalize-model.js
227 silly gunzTarPerm modified mode [ 'lib/hooks/orm/normalize-model.js', 420, 438 ]
228 silly gunzTarPerm extractEntry lib/hooks/orm/backwards-compatibility/upgrade-datastore.js
229 silly gunzTarPerm modified mode [ 'lib/hooks/orm/backwards-compatibility/upgrade-datastore.js',
229 silly gunzTarPerm   420,
229 silly gunzTarPerm   438 ]
230 silly gunzTarPerm extractEntry lib/hooks/orm/backwards-compatibility/upgrade-model-definition.js
231 silly gunzTarPerm modified mode [ 'lib/hooks/orm/backwards-compatibility/upgrade-model-definition.js',
231 silly gunzTarPerm   420,
231 silly gunzTarPerm   438 ]
232 silly gunzTarPerm extractEntry lib/hooks/orm/backwards-compatibility/upgrade-sails.config.js
233 silly gunzTarPerm modified mode [ 'lib/hooks/orm/backwards-compatibility/upgrade-sails.config.js',
233 silly gunzTarPerm   420,
233 silly gunzTarPerm   438 ]
234 silly gunzTarPerm extractEntry lib/hooks/policies/README.md
235 silly gunzTarPerm modified mode [ 'lib/hooks/policies/README.md', 420, 438 ]
236 silly gunzTarPerm extractEntry lib/hooks/policies/index.js
237 silly gunzTarPerm modified mode [ 'lib/hooks/policies/index.js', 420, 438 ]
238 silly gunzTarPerm extractEntry lib/hooks/pubsub/README.md
239 silly gunzTarPerm modified mode [ 'lib/hooks/pubsub/README.md', 420, 438 ]
240 silly gunzTarPerm extractEntry lib/hooks/pubsub/drink.js
241 silly gunzTarPerm modified mode [ 'lib/hooks/pubsub/drink.js', 420, 438 ]
242 silly gunzTarPerm extractEntry lib/hooks/pubsub/index.js
243 silly gunzTarPerm modified mode [ 'lib/hooks/pubsub/index.js', 420, 438 ]
244 silly gunzTarPerm extractEntry lib/hooks/pubsub/spit.js
245 silly gunzTarPerm modified mode [ 'lib/hooks/pubsub/spit.js', 420, 438 ]
246 silly gunzTarPerm extractEntry lib/hooks/pubsub/squirt.js
247 silly gunzTarPerm modified mode [ 'lib/hooks/pubsub/squirt.js', 420, 438 ]
248 silly gunzTarPerm extractEntry lib/hooks/request/README.md
249 silly gunzTarPerm modified mode [ 'lib/hooks/request/README.md', 420, 438 ]
250 silly gunzTarPerm extractEntry lib/hooks/request/index.js
251 silly gunzTarPerm modified mode [ 'lib/hooks/request/index.js', 420, 438 ]
252 silly gunzTarPerm extractEntry lib/hooks/request/locals.js
253 silly gunzTarPerm modified mode [ 'lib/hooks/request/locals.js', 420, 438 ]
254 silly gunzTarPerm extractEntry lib/hooks/request/metadata.js
255 silly gunzTarPerm modified mode [ 'lib/hooks/request/metadata.js', 420, 438 ]
256 silly gunzTarPerm extractEntry lib/hooks/request/params.all.js
257 silly gunzTarPerm modified mode [ 'lib/hooks/request/params.all.js', 420, 438 ]
258 silly gunzTarPerm extractEntry lib/hooks/request/qualifiers.js
259 silly gunzTarPerm modified mode [ 'lib/hooks/request/qualifiers.js', 420, 438 ]
260 silly gunzTarPerm extractEntry lib/hooks/request/validate.js
261 silly gunzTarPerm modified mode [ 'lib/hooks/request/validate.js', 420, 438 ]
262 silly gunzTarPerm extractEntry lib/hooks/responses/index.js
263 silly gunzTarPerm modified mode [ 'lib/hooks/responses/index.js', 420, 438 ]
264 silly gunzTarPerm extractEntry lib/hooks/responses/onRoute.js
265 silly gunzTarPerm modified mode [ 'lib/hooks/responses/onRoute.js', 420, 438 ]
266 silly gunzTarPerm extractEntry lib/hooks/responses/defaults/badRequest.js
267 silly gunzTarPerm modified mode [ 'lib/hooks/responses/defaults/badRequest.js', 420, 438 ]
268 silly gunzTarPerm extractEntry lib/hooks/responses/defaults/created.js
269 silly gunzTarPerm modified mode [ 'lib/hooks/responses/defaults/created.js', 420, 438 ]
270 silly gunzTarPerm extractEntry lib/hooks/responses/defaults/forbidden.js
271 silly gunzTarPerm modified mode [ 'lib/hooks/responses/defaults/forbidden.js', 420, 438 ]
272 silly gunzTarPerm extractEntry lib/hooks/responses/defaults/negotiate.js
273 silly gunzTarPerm modified mode [ 'lib/hooks/responses/defaults/negotiate.js', 420, 438 ]
274 silly gunzTarPerm extractEntry lib/hooks/responses/defaults/notFound.js
275 silly gunzTarPerm modified mode [ 'lib/hooks/responses/defaults/notFound.js', 420, 438 ]
276 silly gunzTarPerm extractEntry lib/hooks/responses/defaults/ok.js
277 silly gunzTarPerm modified mode [ 'lib/hooks/responses/defaults/ok.js', 420, 438 ]
278 silly gunzTarPerm extractEntry lib/hooks/responses/defaults/serverError.js
279 silly gunzTarPerm modified mode [ 'lib/hooks/responses/defaults/serverError.js', 420, 438 ]
280 silly gunzTarPerm extractEntry lib/hooks/services/index.js
281 silly gunzTarPerm modified mode [ 'lib/hooks/services/index.js', 420, 438 ]
282 silly gunzTarPerm extractEntry lib/hooks/session/README.md
283 silly gunzTarPerm modified mode [ 'lib/hooks/session/README.md', 420, 438 ]
284 silly gunzTarPerm extractEntry lib/hooks/session/generateSecret.js
285 silly gunzTarPerm modified mode [ 'lib/hooks/session/generateSecret.js', 420, 438 ]
286 silly gunzTarPerm extractEntry lib/hooks/session/index.js
287 silly gunzTarPerm modified mode [ 'lib/hooks/session/index.js', 420, 438 ]
288 silly gunzTarPerm extractEntry lib/hooks/userconfig/README.md
289 silly gunzTarPerm modified mode [ 'lib/hooks/userconfig/README.md', 420, 438 ]
290 silly gunzTarPerm extractEntry lib/hooks/userconfig/index.js
291 silly gunzTarPerm modified mode [ 'lib/hooks/userconfig/index.js', 420, 438 ]
292 silly gunzTarPerm extractEntry lib/hooks/userhooks/README.md
293 silly gunzTarPerm modified mode [ 'lib/hooks/userhooks/README.md', 420, 438 ]
294 silly gunzTarPerm extractEntry lib/hooks/userhooks/index.js
295 silly gunzTarPerm modified mode [ 'lib/hooks/userhooks/index.js', 420, 438 ]
296 silly gunzTarPerm extractEntry lib/hooks/moduleloader/README.md
297 silly gunzTarPerm modified mode [ 'lib/hooks/moduleloader/README.md', 420, 438 ]
298 silly gunzTarPerm extractEntry lib/hooks/moduleloader/index.js
299 silly gunzTarPerm modified mode [ 'lib/hooks/moduleloader/index.js', 420, 438 ]
300 silly gunzTarPerm extractEntry lib/router/README.md
301 silly gunzTarPerm modified mode [ 'lib/router/README.md', 420, 438 ]
302 silly gunzTarPerm extractEntry lib/router/bind.js
303 silly gunzTarPerm modified mode [ 'lib/router/bind.js', 420, 438 ]
304 silly gunzTarPerm extractEntry lib/router/bindDefaultHandlers.js
305 silly gunzTarPerm modified mode [ 'lib/router/bindDefaultHandlers.js', 420, 438 ]
306 silly gunzTarPerm extractEntry lib/router/index.js
307 silly gunzTarPerm modified mode [ 'lib/router/index.js', 420, 438 ]
308 silly gunzTarPerm extractEntry lib/router/req.js
309 silly gunzTarPerm modified mode [ 'lib/router/req.js', 420, 438 ]
310 silly gunzTarPerm extractEntry lib/router/res.js
311 silly gunzTarPerm modified mode [ 'lib/router/res.js', 420, 438 ]
312 info preinstall sails@0.11.0
313 verbose unsafe-perm in lifecycle true
314 info sails@0.11.0 Failed to exec preinstall script
315 verbose unlock done using C:\Users\raul927\AppData\Roaming\npm-cache\_locks\sails-2ab92863a68ab34d.lock for G:\Repositorios\NodeSlowDeep\NodeSlowDeep\node_modules\sails
316 verbose stack Error: sails@0.11.0 preinstall: `node ./lib/preinstall_npmcheck.js`
316 verbose stack Exit status 1
316 verbose stack     at EventEmitter.<anonymous> (C:\Program Files\nodejs\node_modules\npm\lib\utils\lifecycle.js:213:16)
316 verbose stack     at EventEmitter.emit (events.js:110:17)
316 verbose stack     at ChildProcess.<anonymous> (C:\Program Files\nodejs\node_modules\npm\lib\utils\spawn.js:14:12)
316 verbose stack     at ChildProcess.emit (events.js:110:17)
316 verbose stack     at maybeClose (child_process.js:1008:16)
316 verbose stack     at Process.ChildProcess._handle.onexit (child_process.js:1080:5)
317 verbose pkgid sails@0.11.0
318 verbose cwd G:\Repositorios\NodeSlowDeep\NodeSlowDeep
319 error Windows_NT 6.3.9600
320 error argv "C:\\Program Files\\nodejs\\\\node.exe" "C:\\Program Files\\nodejs\\node_modules\\npm\\bin\\npm-cli.js" "install" "sails"
321 error node v0.12.0
322 error npm  v2.5.1
323 error code ELIFECYCLE
324 error sails@0.11.0 preinstall: `node ./lib/preinstall_npmcheck.js`
324 error Exit status 1
325 error Failed at the sails@0.11.0 preinstall script 'node ./lib/preinstall_npmcheck.js'.
325 error This is most likely a problem with the sails package,
325 error not with npm itself.
325 error Tell the author that this fails on your system:
325 error     node ./lib/preinstall_npmcheck.js
325 error You can get their info via:
325 error     npm owner ls sails
325 error There is likely additional logging output above.
326 verbose exit [ 1, true ]
327 verbose unbuild node_modules\sails
328 info preuninstall sails@0.11.0
329 info uninstall sails@0.11.0
330 verbose unbuild rmStuff sails@0.11.0 from G:\Repositorios\NodeSlowDeep\NodeSlowDeep\node_modules
331 verbose gentlyRm verifying that G:\Repositorios\NodeSlowDeep\NodeSlowDeep is managed by npm
332 silly isManaged G:\Repositorios\NodeSlowDeep\NodeSlowDeep\node_modules is inside G:\Repositorios\NodeSlowDeep\NodeSlowDeep
333 silly gentlyRm G:\Repositorios\NodeSlowDeep\NodeSlowDeep is managed by npm
334 silly gentlyRm G:\Repositorios\NodeSlowDeep\NodeSlowDeep\node_modules\.bin\sails.cmd is under G:\Repositorios\NodeSlowDeep\NodeSlowDeep
335 verbose gentlyRm vacuuming G:\Repositorios\NodeSlowDeep\NodeSlowDeep\node_modules\.bin\sails.cmd up to G:\Repositorios\NodeSlowDeep\NodeSlowDeep
336 verbose gentlyRm verifying that G:\Repositorios\NodeSlowDeep\NodeSlowDeep is managed by npm
337 silly isManaged G:\Repositorios\NodeSlowDeep\NodeSlowDeep is not inside G:\Repositorios\NodeSlowDeep\NodeSlowDeep\node_modules
338 silly isManaged G:\Repositorios\NodeSlowDeep\NodeSlowDeep is not inside G:\Repositorios\NodeSlowDeep\NodeSlowDeep\node_modules
339 silly isManaged G:\Repositorios\NodeSlowDeep\NodeSlowDeep\node_modules\.bin is inside G:\Repositorios\NodeSlowDeep\NodeSlowDeep
340 silly gentlyRm G:\Repositorios\NodeSlowDeep\NodeSlowDeep is managed by npm
341 silly gentlyRm G:\Repositorios\NodeSlowDeep\NodeSlowDeep\node_modules\.bin\sails is under G:\Repositorios\NodeSlowDeep\NodeSlowDeep
342 verbose gentlyRm vacuuming G:\Repositorios\NodeSlowDeep\NodeSlowDeep\node_modules\.bin\sails up to G:\Repositorios\NodeSlowDeep\NodeSlowDeep
343 info postuninstall sails@0.11.0
344 verbose gentlyRm vacuuming G:\Repositorios\NodeSlowDeep\NodeSlowDeep\node_modules\sails
345 silly gentlyRm purging G:\Repositorios\NodeSlowDeep\NodeSlowDeep\node_modules\sails
346 silly gentlyRm quitting because other entries in G:\Repositorios\NodeSlowDeep\NodeSlowDeep\node_modules
